SF:lib/src/compiler.dart
DA:20,1
DA:35,1
DA:36,2
DA:38,1
DA:76,1
DA:91,1
DA:92,2
DA:94,1
DA:127,1
DA:141,1
DA:142,2
DA:144,1
DA:180,1
DA:202,0
DA:204,0
DA:207,1
DA:208,4
DA:209,1
DA:210,1
DA:212,1
DA:213,6
DA:214,2
DA:216,1
DA:217,3
DA:218,5
DA:219,1
DA:221,2
DA:222,1
DA:223,6
DA:224,1
DA:225,1
DA:226,2
DA:227,1
DA:228,2
DA:229,2
DA:230,1
DA:231,1
DA:232,1
DA:233,2
DA:234,1
DA:235,1
DA:236,7
DA:237,1
DA:238,5
DA:239,1
DA:240,1
DA:242,4
DA:243,2
DA:244,2
DA:245,1
DA:246,1
DA:247,2
DA:248,2
DA:249,1
DA:250,3
DA:251,2
DA:252,1
DA:253,4
DA:254,2
DA:257,3
DA:258,2
DA:259,2
DA:260,1
DA:263,0
DA:267,0
DA:268,0
DA:269,0
DA:270,0
DA:271,0
DA:272,0
DA:274,0
DA:275,0
DA:276,0
DA:277,0
DA:278,0
DA:280,0
DA:281,0
DA:283,0
DA:284,0
DA:285,0
DA:286,0
DA:287,0
DA:290,0
DA:291,0
DA:292,0
DA:293,0
DA:296,1
DA:297,1
DA:298,1
DA:299,1
DA:301,3
DA:302,3
DA:304,1
DA:305,1
DA:307,3
DA:312,1
DA:313,1
DA:315,3
DA:316,3
DA:319,1
DA:320,1
DA:324,3
DA:325,3
DA:330,0
DA:333,1
DA:334,1
DA:335,1
DA:336,0
DA:337,0
DA:338,0
DA:339,0
DA:341,0
DA:342,0
DA:344,1
DA:345,1
DA:346,2
DA:348,1
DA:349,2
DA:351,1
DA:352,2
DA:354,1
DA:355,2
DA:358,1
DA:359,1
DA:360,0
DA:361,0
DA:362,0
DA:364,0
DA:366,1
DA:367,3
DA:370,0
DA:371,0
DA:375,1
DA:376,1
DA:377,1
DA:381,1
DA:382,1
DA:395,1
DA:397,2
DA:398,3
DA:401,2
DA:402,1
DA:403,2
DA:404,1
DA:408,4
DA:409,0
DA:412,1
DA:413,3
DA:414,4
DA:415,4
DA:416,1
DA:419,2
DA:420,0
DA:421,0
DA:422,0
DA:423,0
DA:425,0
DA:428,2
DA:429,1
DA:430,1
DA:431,4
DA:433,0
DA:434,0
DA:443,1
DA:445,1
DA:446,1
DA:447,2
DA:448,1
DA:449,1
DA:450,1
DA:455,1
DA:467,0
DA:477,0
DA:483,0
DA:484,0
DA:486,0
DA:488,0
DA:489,0
DA:492,0
DA:494,0
DA:495,0
DA:496,0
DA:497,0
DA:498,0
DA:499,0
DA:500,0
DA:501,0
DA:507,0
DA:508,0
LF:189
LH:125
end_of_record
SF:lib/src/config.dart
DA:11,1
DA:20,1
DA:25,2
DA:31,2
DA:35,2
DA:40,3
DA:44,1
DA:45,1
DA:46,2
DA:50,2
DA:57,1
DA:58,2
DA:63,1
DA:64,2
DA:68,2
DA:73,3
DA:77,1
DA:78,2
DA:82,2
DA:86,2
DA:90,2
DA:97,1
DA:168,2
DA:170,1
DA:173,1
DA:176,1
DA:179,1
LF:27
LH:27
end_of_record
SF:lib/src/coverage.dart
DA:14,1
DA:26,1
DA:30,2
DA:37,0
DA:38,0
DA:39,0
DA:49,0
DA:54,0
DA:55,0
DA:56,0
DA:62,0
DA:63,0
DA:64,0
DA:66,0
DA:75,1
DA:78,1
DA:81,0
DA:82,0
DA:83,0
DA:85,0
DA:88,0
DA:89,0
DA:93,0
DA:95,0
DA:96,0
DA:97,0
DA:100,0
DA:101,0
DA:102,0
DA:105,0
DA:106,0
DA:107,0
DA:111,0
DA:112,0
DA:113,0
DA:116,0
DA:117,0
DA:118,0
DA:119,0
DA:120,0
DA:124,0
DA:125,0
DA:128,0
DA:129,0
DA:132,0
DA:133,0
DA:135,0
DA:139,0
DA:144,0
DA:145,0
DA:146,0
DA:147,0
DA:148,0
DA:149,0
DA:154,0
DA:155,0
DA:156,0
DA:158,0
DA:159,0
DA:160,0
DA:161,0
DA:163,0
DA:169,0
DA:170,0
DA:171,0
DA:172,0
DA:176,0
DA:177,0
DA:178,0
DA:183,0
DA:184,0
DA:191,0
DA:193,0
DA:194,0
DA:195,0
DA:196,0
DA:197,0
DA:200,0
DA:201,0
DA:202,0
DA:205,0
DA:208,0
DA:212,0
DA:214,0
DA:215,0
DA:216,0
DA:217,0
DA:218,0
DA:220,0
DA:221,0
DA:224,0
DA:228,0
LF:92
LH:5
end_of_record
SF:lib/src/platform.dart
DA:14,0
DA:34,0
DA:37,0
DA:40,0
DA:43,0
DA:46,0
DA:49,0
DA:128,0
DA:130,0
DA:131,0
DA:133,0
DA:134,0
DA:136,0
DA:137,0
DA:139,0
DA:140,0
DA:142,0
DA:143,0
DA:145,0
DA:146,0
DA:148,0
DA:149,0
DA:151,0
DA:152,0
DA:154,0
DA:155,0
DA:157,0
DA:158,0
DA:160,0
DA:161,0
DA:163,0
DA:164,0
DA:166,0
DA:167,0
DA:169,0
DA:170,0
DA:172,0
DA:173,0
DA:182,0
DA:202,0
DA:203,0
DA:204,0
DA:205,0
DA:206,0
DA:207,0
DA:208,0
DA:209,0
DA:210,0
DA:211,0
DA:212,0
DA:213,0
DA:214,0
DA:215,0
DA:216,0
DA:217,0
LF:55
LH:0
end_of_record
SF:lib/src/test_info.dart
DA:15,0
DA:18,0
DA:19,0
DA:20,0
DA:21,0
DA:22,0
DA:26,0
DA:27,0
DA:28,0
DA:29,0
DA:34,0
DA:52,0
DA:59,0
DA:66,0
DA:67,0
DA:69,0
DA:70,0
DA:75,0
DA:76,0
DA:78,0
DA:79,0
DA:80,0
DA:82,0
DA:84,0
DA:86,0
DA:87,0
DA:88,0
LF:27
LH:0
end_of_record
