SF:lib\src\compiler.dart
DA:104,0
DA:124,0
DA:126,0
DA:129,0
DA:130,4
DA:131,1
DA:132,1
DA:134,1
DA:135,6
DA:136,1
DA:138,1
DA:139,3
DA:140,4
DA:141,1
DA:143,1
DA:144,1
DA:145,6
DA:146,1
DA:147,0
DA:148,2
DA:149,2
DA:150,2
DA:151,1
DA:152,1
DA:153,1
DA:154,2
DA:155,1
DA:156,1
DA:157,7
DA:158,1
DA:159,5
DA:160,1
DA:161,1
DA:163,3
DA:164,2
DA:165,2
DA:166,1
DA:167,1
DA:168,2
DA:169,2
DA:170,1
DA:171,3
DA:172,2
DA:173,1
DA:174,3
DA:175,1
DA:178,3
DA:179,1
DA:180,2
DA:181,1
DA:184,0
DA:188,0
DA:189,0
DA:190,0
DA:191,0
DA:192,0
DA:193,0
DA:195,0
DA:196,0
DA:197,0
DA:198,0
DA:199,0
DA:201,0
DA:202,0
DA:204,0
DA:205,0
DA:206,0
DA:207,0
DA:208,0
DA:211,0
DA:212,0
DA:213,0
DA:214,0
DA:217,0
DA:218,1
DA:219,1
DA:220,0
DA:222,2
DA:223,2
DA:225,1
DA:226,0
DA:228,2
DA:233,1
DA:234,0
DA:236,2
DA:237,2
DA:240,1
DA:241,0
DA:245,2
DA:246,2
DA:251,0
DA:254,0
DA:255,0
DA:256,1
DA:257,0
DA:258,0
DA:259,0
DA:260,0
DA:262,0
DA:263,0
DA:265,1
DA:266,1
DA:267,1
DA:269,1
DA:270,1
DA:272,1
DA:273,1
DA:275,1
DA:276,1
DA:279,1
DA:280,1
DA:281,0
DA:282,0
DA:283,0
DA:285,0
DA:287,1
DA:288,3
DA:291,0
DA:292,0
DA:296,0
DA:297,0
DA:298,0
DA:302,0
DA:303,1
DA:316,0
DA:318,2
DA:319,3
DA:322,2
DA:323,1
DA:324,2
DA:325,1
DA:329,4
DA:330,0
DA:333,1
DA:334,2
DA:335,3
DA:336,2
DA:337,1
DA:340,2
DA:341,0
DA:342,0
DA:343,0
DA:344,0
DA:346,0
DA:349,2
DA:350,1
DA:351,1
DA:352,3
DA:354,0
DA:355,0
DA:364,0
DA:366,1
DA:367,1
DA:368,1
DA:369,1
DA:370,1
DA:371,1
DA:376,0
DA:388,0
DA:398,0
DA:404,0
DA:405,0
DA:407,0
DA:409,0
DA:410,0
DA:413,0
DA:415,0
DA:416,0
DA:417,0
DA:418,0
DA:419,0
DA:420,0
DA:421,0
DA:422,0
DA:428,0
DA:429,0
LF:176
LH:95
end_of_record
SF:lib\src\config.dart
DA:11,0
DA:20,0
DA:25,2
DA:31,2
DA:35,2
DA:40,3
DA:44,1
DA:45,1
DA:46,2
DA:50,2
DA:57,1
DA:58,2
DA:63,1
DA:64,2
DA:68,2
DA:73,3
DA:77,1
DA:78,2
DA:82,2
DA:86,2
DA:90,2
DA:97,0
DA:168,0
DA:170,0
DA:173,0
DA:176,0
DA:179,0
LF:27
LH:19
end_of_record
SF:lib\src\coverage.dart
DA:14,0
DA:26,0
DA:30,1
DA:37,0
DA:38,0
DA:39,0
DA:42,0
DA:45,0
DA:46,0
DA:51,0
DA:53,0
DA:55,0
DA:59,0
DA:70,0
DA:74,0
DA:75,0
DA:78,0
DA:79,0
DA:80,0
DA:82,0
DA:91,0
DA:94,1
DA:97,0
DA:98,0
DA:99,0
DA:101,0
DA:104,0
DA:105,0
DA:109,0
DA:111,0
DA:112,0
DA:113,0
DA:116,0
DA:117,0
DA:118,0
DA:121,0
DA:122,0
DA:123,0
DA:127,0
DA:128,0
DA:129,0
DA:132,0
DA:133,0
DA:134,0
DA:135,0
DA:136,0
DA:140,0
DA:141,0
DA:144,0
DA:145,0
DA:148,0
DA:149,0
DA:151,0
DA:155,0
DA:160,0
DA:161,0
DA:162,0
DA:163,0
DA:164,0
DA:165,0
DA:170,0
DA:171,0
DA:172,0
DA:174,0
DA:175,0
DA:176,0
DA:177,0
DA:179,0
DA:185,0
DA:186,0
DA:187,0
DA:188,0
DA:192,0
DA:193,0
DA:194,0
DA:199,0
DA:200,0
DA:207,0
DA:209,0
DA:210,0
DA:211,0
DA:212,0
DA:213,0
DA:216,0
DA:217,0
DA:218,0
DA:221,0
DA:224,0
DA:228,0
DA:230,0
DA:231,0
DA:232,0
DA:233,0
DA:234,0
DA:236,0
DA:237,0
DA:240,0
DA:244,0
LF:98
LH:2
end_of_record
SF:lib\src\platform.dart
DA:14,0
DA:34,0
DA:37,0
DA:40,0
DA:43,0
DA:46,0
DA:49,0
DA:128,0
DA:130,0
DA:131,0
DA:133,0
DA:134,0
DA:136,0
DA:137,0
DA:139,0
DA:140,0
DA:142,0
DA:143,0
DA:145,0
DA:146,0
DA:148,0
DA:149,0
DA:151,0
DA:152,0
DA:154,0
DA:155,0
DA:157,0
DA:158,0
DA:160,0
DA:161,0
DA:163,0
DA:164,0
DA:166,0
DA:167,0
DA:169,0
DA:170,0
DA:172,0
DA:173,0
DA:182,0
DA:202,0
DA:203,0
DA:204,0
DA:205,0
DA:206,0
DA:207,0
DA:208,0
DA:209,0
DA:210,0
DA:211,0
DA:212,0
DA:213,0
DA:214,0
DA:215,0
DA:216,0
DA:217,0
LF:55
LH:0
end_of_record
SF:lib\src\test_info.dart
DA:15,0
DA:18,0
DA:19,0
DA:20,0
DA:21,0
DA:22,0
DA:26,0
DA:27,0
DA:28,0
DA:29,0
DA:34,0
DA:52,0
DA:59,0
DA:66,0
DA:67,0
DA:69,0
DA:70,0
DA:75,0
DA:76,0
DA:78,0
DA:79,0
DA:80,0
DA:82,0
DA:84,0
DA:86,0
DA:87,0
DA:88,0
LF:27
LH:0
end_of_record
